<?xml version="1.0" encoding="UTF-8"?>
<testng-results skipped="0" failed="0" total="1" passed="1">
  <reporter-output>
  </reporter-output>
  <suite name="Default suite" duration-ms="205674" started-at="2020-03-04T05:41:41Z" finished-at="2020-03-04T05:45:07Z">
    <groups>
    </groups>
    <test name="Default test" duration-ms="205674" started-at="2020-03-04T05:41:41Z" finished-at="2020-03-04T05:45:07Z">
      <class name="com.zohoapp.testcases.Zohoapppagetest">
        <test-method status="PASS" signature="Setup()[pri:0, instance:com.zohoapp.testcases.Zohoapppagetest@1aeed2f]" name="Setup" is-config="true" duration-ms="83996" started-at="2020-03-04T11:11:41Z" finished-at="2020-03-04T11:13:05Z">
          <reporter-output>
          </reporter-output>
        </test-method> <!-- Setup -->
        <test-method status="PASS" signature="VerifyCrmlink()[pri:1, instance:com.zohoapp.testcases.Zohoapppagetest@1aeed2f]" name="VerifyCrmlink" duration-ms="120597" started-at="2020-03-04T11:13:05Z" finished-at="2020-03-04T11:15:06Z">
          <reporter-output>
          </reporter-output>
        </test-method> <!-- VerifyCrmlink -->
        <test-method status="PASS" signature="Quit()[pri:0, instance:com.zohoapp.testcases.Zohoapppagetest@1aeed2f]" name="Quit" is-config="true" duration-ms="1063" started-at="2020-03-04T11:15:06Z" finished-at="2020-03-04T11:15:07Z">
          <reporter-output>
          </reporter-output>
        </test-method> <!-- Quit -->
      </class> <!-- com.zohoapp.testcases.Zohoapppagetest -->
    </test> <!-- Default test -->
  </suite> <!-- Default suite -->
</testng-results>
