<?xml version="1.0" encoding="UTF-8"?>
<testng-results skipped="0" failed="1" total="3" passed="2">
  <reporter-output>
  </reporter-output>
  <suite name="Default suite" duration-ms="222041" started-at="2020-03-17T07:29:23Z" finished-at="2020-03-17T07:33:05Z">
    <groups>
    </groups>
    <test name="Default test" duration-ms="222041" started-at="2020-03-17T07:29:23Z" finished-at="2020-03-17T07:33:05Z">
      <class name="com.zohoapp.testcases.Accountpagetest">
        <test-method status="PASS" signature="Setup()[pri:0, instance:com.zohoapp.testcases.Accountpagetest@3ef382]" name="Setup" is-config="true" duration-ms="64492" started-at="2020-03-17T12:59:23Z" finished-at="2020-03-17T13:00:27Z">
          <reporter-output>
          </reporter-output>
        </test-method> <!-- Setup -->
        <test-method status="PASS" signature="VerifyAccountCreation()[pri:1, instance:com.zohoapp.testcases.Accountpagetest@3ef382]" name="VerifyAccountCreation" duration-ms="5792" started-at="2020-03-17T13:00:27Z" finished-at="2020-03-17T13:00:33Z">
          <reporter-output>
          </reporter-output>
        </test-method> <!-- VerifyAccountCreation -->
        <test-method status="PASS" signature="Teardown()[pri:0, instance:com.zohoapp.testcases.Accountpagetest@3ef382]" name="Teardown" is-config="true" duration-ms="1091" started-at="2020-03-17T13:00:33Z" finished-at="2020-03-17T13:00:34Z">
          <reporter-output>
          </reporter-output>
        </test-method> <!-- Teardown -->
        <test-method status="PASS" signature="Setup()[pri:0, instance:com.zohoapp.testcases.Accountpagetest@3ef382]" name="Setup" is-config="true" duration-ms="56606" started-at="2020-03-17T13:00:34Z" finished-at="2020-03-17T13:01:31Z">
          <reporter-output>
          </reporter-output>
        </test-method> <!-- Setup -->
        <test-method status="PASS" signature="VerifyAccountCancel()[pri:2, instance:com.zohoapp.testcases.Accountpagetest@3ef382]" name="VerifyAccountCancel" duration-ms="6753" started-at="2020-03-17T13:01:31Z" finished-at="2020-03-17T13:01:38Z">
          <reporter-output>
          </reporter-output>
        </test-method> <!-- VerifyAccountCancel -->
        <test-method status="PASS" signature="Teardown()[pri:0, instance:com.zohoapp.testcases.Accountpagetest@3ef382]" name="Teardown" is-config="true" duration-ms="1028" started-at="2020-03-17T13:01:38Z" finished-at="2020-03-17T13:01:39Z">
          <reporter-output>
          </reporter-output>
        </test-method> <!-- Teardown -->
        <test-method status="PASS" signature="Setup()[pri:0, instance:com.zohoapp.testcases.Accountpagetest@3ef382]" name="Setup" is-config="true" duration-ms="65081" started-at="2020-03-17T13:01:39Z" finished-at="2020-03-17T13:02:44Z">
          <reporter-output>
          </reporter-output>
        </test-method> <!-- Setup -->
        <test-method status="FAIL" signature="VerifyMandatoryFields()[pri:3, instance:com.zohoapp.testcases.Accountpagetest@3ef382]" name="VerifyMandatoryFields" duration-ms="20124" started-at="2020-03-17T13:02:44Z" finished-at="2020-03-17T13:03:04Z">
          <exception class="org.openqa.selenium.NoSuchElementException">
            <message>
              <![CDATA[no such element: Unable to locate element: {"method":"xpath","selector":"(//input[@id='saveAccountsBtn'])[2]"}
  (Session info: chrome=80.0.3987.132)
For documentation on this error, please visit: http://seleniumhq.org/exceptions/no_such_element.html
Build info: version: '3.14.0', revision: 'aacccce0', time: '2018-08-02T20:19:58.91Z'
System info: host: 'ASHISH-LAPTOP', ip: '192.168.59.1', os.name: 'Windows 10', os.arch: 'x86', os.version: '10.0', java.version: '1.8.0_151'
Driver info: org.openqa.selenium.chrome.ChromeDriver
Capabilities {acceptInsecureCerts: false, browserName: chrome, browserVersion: 80.0.3987.132, chrome: {chromedriverVersion: 79.0.3945.36 (3582db32b3389..., userDataDir: C:\Users\DELL\AppData\Local...}, goog:chromeOptions: {debuggerAddress: localhost:50048}, javascriptEnabled: true, networkConnectionEnabled: false, pageLoadStrategy: normal, platform: WINDOWS, platformName: WINDOWS, proxy: Proxy(), setWindowRect: true, strictFileInteractability: false, timeouts: {implicit: 0, pageLoad: 300000, script: 30000}, unhandledPromptBehavior: dismiss and notify}
Session ID: 2d5103c3cc243cbc3d3dfaf535641519
*** Element info: {Using=xpath, value=(//input[@id='saveAccountsBtn'])[2]}]]>
            </message>
            <full-stacktrace>
              <![CDATA[org.openqa.selenium.NoSuchElementException: no such element: Unable to locate element: {"method":"xpath","selector":"(//input[@id='saveAccountsBtn'])[2]"}
  (Session info: chrome=80.0.3987.132)
For documentation on this error, please visit: http://seleniumhq.org/exceptions/no_such_element.html
Build info: version: '3.14.0', revision: 'aacccce0', time: '2018-08-02T20:19:58.91Z'
System info: host: 'ASHISH-LAPTOP', ip: '192.168.59.1', os.name: 'Windows 10', os.arch: 'x86', os.version: '10.0', java.version: '1.8.0_151'
Driver info: org.openqa.selenium.chrome.ChromeDriver
Capabilities {acceptInsecureCerts: false, browserName: chrome, browserVersion: 80.0.3987.132, chrome: {chromedriverVersion: 79.0.3945.36 (3582db32b3389..., userDataDir: C:\Users\DELL\AppData\Local...}, goog:chromeOptions: {debuggerAddress: localhost:50048}, javascriptEnabled: true, networkConnectionEnabled: false, pageLoadStrategy: normal, platform: WINDOWS, platformName: WINDOWS, proxy: Proxy(), setWindowRect: true, strictFileInteractability: false, timeouts: {implicit: 0, pageLoad: 300000, script: 30000}, unhandledPromptBehavior: dismiss and notify}
Session ID: 2d5103c3cc243cbc3d3dfaf535641519
*** Element info: {Using=xpath, value=(//input[@id='saveAccountsBtn'])[2]}
	at sun.reflect.NativeConstructorAccessorImpl.newInstance0(Native Method)
	at sun.reflect.NativeConstructorAccessorImpl.newInstance(Unknown Source)
	at sun.reflect.DelegatingConstructorAccessorImpl.newInstance(Unknown Source)
	at java.lang.reflect.Constructor.newInstance(Unknown Source)
	at org.openqa.selenium.remote.http.W3CHttpResponseCodec.createException(W3CHttpResponseCodec.java:187)
	at org.openqa.selenium.remote.http.W3CHttpResponseCodec.decode(W3CHttpResponseCodec.java:122)
	at org.openqa.selenium.remote.http.W3CHttpResponseCodec.decode(W3CHttpResponseCodec.java:49)
	at org.openqa.selenium.remote.HttpCommandExecutor.execute(HttpCommandExecutor.java:158)
	at org.openqa.selenium.remote.service.DriverCommandExecutor.execute(DriverCommandExecutor.java:83)
	at org.openqa.selenium.remote.RemoteWebDriver.execute(RemoteWebDriver.java:548)
	at org.openqa.selenium.remote.RemoteWebDriver.findElement(RemoteWebDriver.java:322)
	at org.openqa.selenium.remote.RemoteWebDriver.findElementByXPath(RemoteWebDriver.java:424)
	at org.openqa.selenium.By$ByXPath.findElement(By.java:353)
	at org.openqa.selenium.remote.RemoteWebDriver.findElement(RemoteWebDriver.java:314)
	at org.openqa.selenium.support.pagefactory.DefaultElementLocator.findElement(DefaultElementLocator.java:69)
	at org.openqa.selenium.support.pagefactory.internal.LocatingElementHandler.invoke(LocatingElementHandler.java:38)
	at com.sun.proxy.$Proxy10.click(Unknown Source)
	at com.zohoapp.pages.Accountpage.Mandatoryfields(Accountpage.java:235)
	at com.zohoapp.testcases.Accountpagetest.VerifyMandatoryFields(Accountpagetest.java:69)
	at sun.reflect.NativeMethodAccessorImpl.invoke0(Native Method)
	at sun.reflect.NativeMethodAccessorImpl.invoke(Unknown Source)
	at sun.reflect.DelegatingMethodAccessorImpl.invoke(Unknown Source)
	at java.lang.reflect.Method.invoke(Unknown Source)
	at org.testng.internal.MethodInvocationHelper.invokeMethod(MethodInvocationHelper.java:100)
	at org.testng.internal.Invoker.invokeMethod(Invoker.java:646)
	at org.testng.internal.Invoker.invokeTestMethod(Invoker.java:811)
	at org.testng.internal.Invoker.invokeTestMethods(Invoker.java:1129)
	at org.testng.internal.TestMethodWorker.invokeTestMethods(TestMethodWorker.java:129)
	at org.testng.internal.TestMethodWorker.run(TestMethodWorker.java:112)
	at org.testng.TestRunner.privateRun(TestRunner.java:746)
	at org.testng.TestRunner.run(TestRunner.java:600)
	at org.testng.SuiteRunner.runTest(SuiteRunner.java:366)
	at org.testng.SuiteRunner.runSequentially(SuiteRunner.java:361)
	at org.testng.SuiteRunner.privateRun(SuiteRunner.java:319)
	at org.testng.SuiteRunner.run(SuiteRunner.java:268)
	at org.testng.SuiteRunnerWorker.runSuite(SuiteRunnerWorker.java:52)
	at org.testng.SuiteRunnerWorker.run(SuiteRunnerWorker.java:86)
	at org.testng.TestNG.runSuitesSequentially(TestNG.java:1264)
	at org.testng.TestNG.runSuitesLocally(TestNG.java:1189)
	at org.testng.TestNG.runSuites(TestNG.java:1104)
	at org.testng.TestNG.run(TestNG.java:1076)
	at org.testng.remote.AbstractRemoteTestNG.run(AbstractRemoteTestNG.java:126)
	at org.testng.remote.RemoteTestNG.initAndRun(RemoteTestNG.java:152)
	at org.testng.remote.RemoteTestNG.main(RemoteTestNG.java:57)
]]>
            </full-stacktrace>
          </exception> <!-- org.openqa.selenium.NoSuchElementException -->
          <reporter-output>
          </reporter-output>
        </test-method> <!-- VerifyMandatoryFields -->
        <test-method status="PASS" signature="Teardown()[pri:0, instance:com.zohoapp.testcases.Accountpagetest@3ef382]" name="Teardown" is-config="true" duration-ms="1036" started-at="2020-03-17T13:03:04Z" finished-at="2020-03-17T13:03:05Z">
          <reporter-output>
          </reporter-output>
        </test-method> <!-- Teardown -->
      </class> <!-- com.zohoapp.testcases.Accountpagetest -->
    </test> <!-- Default test -->
  </suite> <!-- Default suite -->
</testng-results>
